0 info it worked if it ends with ok
1 verbose cli [ '/Users/mikee/.nvm/versions/node/v6.8.1/bin/node',
1 verbose cli   '/Users/mikee/.nvm/versions/node/v6.8.1/bin/npm',
1 verbose cli   'run',
1 verbose cli   'publish' ]
2 info using npm@4.0.3
3 info using node@v6.8.1
4 verbose run-script [ 'prepublish', 'publish', 'postpublish' ]
5 info lifecycle cd-messenger@2.0.0-build.202~prepublish: cd-messenger@2.0.0-build.202
6 silly lifecycle cd-messenger@2.0.0-build.202~prepublish: no script for prepublish, continuing
7 info lifecycle cd-messenger@2.0.0-build.202~publish: cd-messenger@2.0.0-build.202
8 verbose lifecycle cd-messenger@2.0.0-build.202~publish: unsafe-perm in lifecycle true
9 verbose lifecycle cd-messenger@2.0.0-build.202~publish: PATH: /Users/mikee/.nvm/versions/node/v6.8.1/lib/node_modules/npm/bin/node-gyp-bin:/Users/mikee/Documents/Projects/cd-messenger/node_modules/.bin:/Users/mikee/.nvm/versions/node/v6.8.1/bin:/usr/local/bin/code:/usr/local/php5/bin:~/.composer/vendor/bin:/usr/local/heroku/bin:/opt/local/bin:/opt/local/sbin:opt/local/bin:/usr/local/bin:/vendor/bin:/usr/local/share/npm/bin:/usr/local/mysql/bin:/usr/local/bin/redis-2.8.3/src:/usr/bin:/bin:/usr/sbin:/sbin:/usr/local/bin:/opt/X11/bin:/usr/local/mongodb/bin:/Users/mikee/.rvm/bin
10 verbose lifecycle cd-messenger@2.0.0-build.202~publish: CWD: /Users/mikee/Documents/Projects/cd-messenger
11 silly lifecycle cd-messenger@2.0.0-build.202~publish: Args: [ '-c', 'npm run deploy' ]
12 silly lifecycle cd-messenger@2.0.0-build.202~publish: Returned: code: 1  signal: null
13 info lifecycle cd-messenger@2.0.0-build.202~publish: Failed to exec publish script
14 verbose stack Error: cd-messenger@2.0.0-build.202 publish: `npm run deploy`
14 verbose stack Exit status 1
14 verbose stack     at EventEmitter.<anonymous> (/Users/mikee/.nvm/versions/node/v6.8.1/lib/node_modules/npm/lib/utils/lifecycle.js:279:16)
14 verbose stack     at emitTwo (events.js:106:13)
14 verbose stack     at EventEmitter.emit (events.js:191:7)
14 verbose stack     at ChildProcess.<anonymous> (/Users/mikee/.nvm/versions/node/v6.8.1/lib/node_modules/npm/lib/utils/spawn.js:40:14)
14 verbose stack     at emitTwo (events.js:106:13)
14 verbose stack     at ChildProcess.emit (events.js:191:7)
14 verbose stack     at maybeClose (internal/child_process.js:877:16)
14 verbose stack     at Process.ChildProcess._handle.onexit (internal/child_process.js:226:5)
15 verbose pkgid cd-messenger@2.0.0-build.202
16 verbose cwd /Users/mikee/Documents/Projects/cd-messenger
17 error Darwin 16.3.0
18 error argv "/Users/mikee/.nvm/versions/node/v6.8.1/bin/node" "/Users/mikee/.nvm/versions/node/v6.8.1/bin/npm" "run" "publish"
19 error node v6.8.1
20 error npm  v4.0.3
21 error code ELIFECYCLE
22 error cd-messenger@2.0.0-build.202 publish: `npm run deploy`
22 error Exit status 1
23 error Failed at the cd-messenger@2.0.0-build.202 publish script 'npm run deploy'.
23 error Make sure you have the latest version of node.js and npm installed.
23 error If you do, this is most likely a problem with the cd-messenger package,
23 error not with npm itself.
23 error Tell the author that this fails on your system:
23 error     npm run deploy
23 error You can get information on how to open an issue for this project with:
23 error     npm bugs cd-messenger
23 error Or if that isn't available, you can get their info via:
23 error     npm owner ls cd-messenger
23 error There is likely additional logging output above.
24 verbose exit [ 1, true ]
